== git state (before) ==
## fix/step19b-userflow-zoom-stable-v1
?? foodproc_step15_applyanswers.sh
?? fpc_step_14_patch_bundle.zip
?? scripts/fix_mermaid_py_quotes_v1.py
?? scripts/step18b2_patch_backend_start_role.py
?? scripts/step18c3f_patch_zoom_controls.py
?? scripts/step18c3f_patch_zoom_controls_v2.py
?? scripts/step19_patch_userflow_zoom_stable.py
?? scripts/step_14_apply_patch_bundle_v1.sh
?? scripts/step_14_pack_current_sources_v1.sh
?? scripts/step_14_pack_for_patch_v1.sh
?? scripts/step_14_retry_apply_patch_bundle_v2.sh
?? workspace/_bak_step14_2026-02-10_104335/
?? workspace/_bak_step18c3g_2026-02-11_111219/
?? zip/
2026-02-11 12:19:18 +0300 3106c17  (HEAD -> fix/step19b-userflow-zoom-stable-v1, tag: cp/foodproc_step19b_userflow_zoom_stable_after_2026-02-11_121917) fix(step19b): stable mermaid zoom + userflow refresh guards

== write patcher ==

== run patcher ==
patched: backend/app/static/app.js
patched: backend/app/static/styles.css

== sanity: grep markers ==
2087:// FPC_ZOOM_V3_START
426:/* FPC_ZOOM_V3_START */

== git diff --stat ==
 backend/app/static/app.js     | 354 ++++++++++++++++++++++++++++++++++++++++++
 backend/app/static/styles.css |  41 +++++
 2 files changed, 395 insertions(+)

== commit ==
[fix/step19c-zoom-userflow-stable-v1 0af8424] fix(step19c): stable zoom controls + userflow guards
 3 files changed, 842 insertions(+)
 create mode 100644 scripts/step19c_patch_zoom_userflow_stable.py

== pack changed files ==
-rw-r--r--  1 mac  staff  26639 11 фев 12:41 zip/foodproc_step19c_zoom_userflow_changed_files_2026-02-11_124140.zip

== docker compose up ==
#1 [internal] load local bake definitions
#1 reading from stdin 577B done
#1 DONE 0.0s

#2 [internal] load build definition from Dockerfile
#2 transferring dockerfile: 412B done
#2 DONE 0.0s

#3 [internal] load metadata for docker.io/library/python:3.11-slim
#3 ...

#4 [auth] library/python:pull token for registry-1.docker.io
#4 DONE 0.0s

#3 [internal] load metadata for docker.io/library/python:3.11-slim
#3 DONE 1.6s

#5 [internal] load .dockerignore
#5 transferring context: 2B done
#5 DONE 0.0s

#6 [1/6] FROM docker.io/library/python:3.11-slim@sha256:0b23cfb7425d065008b778022a17b1551c82f8b4866ee5a7a200084b7e2eafbf
#6 resolve docker.io/library/python:3.11-slim@sha256:0b23cfb7425d065008b778022a17b1551c82f8b4866ee5a7a200084b7e2eafbf 0.0s done
#6 DONE 0.0s

#7 [internal] load build context
#7 transferring context: 95.80kB 0.0s done
#7 DONE 0.0s

#8 [2/6] WORKDIR /app
#8 CACHED

#9 [3/6] COPY backend/requirements.txt /app/backend/requirements.txt
#9 CACHED

#10 [4/6] RUN pip install --no-cache-dir -r /app/backend/requirements.txt
#10 CACHED

#11 [5/6] COPY backend /app/backend
#11 DONE 0.0s

#12 [6/6] RUN mkdir -p /app/workspace/processes /app/workspace/.session_store
#12 DONE 0.2s

#13 exporting to image
#13 exporting layers 0.1s done
#13 exporting manifest sha256:3be366c3fe7a06a927f589d4b77012170204b170e48a41358dc501398c0b71ee done
#13 exporting config sha256:a10c5effeadbfd614cdafb9bbc0cd163fdb71eebe8c4e01becd281d6d0ed56e9
#13 exporting config sha256:a10c5effeadbfd614cdafb9bbc0cd163fdb71eebe8c4e01becd281d6d0ed56e9 done
#13 exporting attestation manifest sha256:09ede1b710a4f0921c783910dcc345845323031d4cac5e91c2447bdeabe0460d 0.0s done
#13 exporting manifest list sha256:223280c4879fe3632861ca617d120fdc47473447f7ef82c954d938e5dcf54ddd 0.0s done
#13 naming to docker.io/library/foodproc_process_copilot-app:latest done
#13 unpacking to docker.io/library/foodproc_process_copilot-app:latest 0.0s done
#13 DONE 0.3s

#14 resolving provenance for metadata file
#14 DONE 0.0s
 foodproc_process_copilot-app  Built
 Container foodproc_process_copilot-app-1  Recreate
 Container foodproc_process_copilot-app-1  Recreated
 Container foodproc_process_copilot-app-1  Starting
 Container foodproc_process_copilot-app-1  Started

== probe (wait up to ~25s) ==
try#1 http=000
try#2 http=200

== app logs tail ==
app-1  | INFO:     Started server process [1]
app-1  | INFO:     Waiting for application startup.
app-1  | INFO:     Application startup complete.
app-1  | INFO:     Uvicorn running on http://0.0.0.0:8000 (Press CTRL+C to quit)
app-1  | INFO:     149.154.166.110:44077 - "GET / HTTP/1.1" 200 OK

== done ==
## fix/step19c-zoom-userflow-stable-v1
?? foodproc_step15_applyanswers.sh
?? fpc_step_14_patch_bundle.zip
?? scripts/fix_mermaid_py_quotes_v1.py
?? scripts/step18b2_patch_backend_start_role.py
?? scripts/step18c3f_patch_zoom_controls.py
?? scripts/step18c3f_patch_zoom_controls_v2.py
?? scripts/step19_patch_userflow_zoom_stable.py
?? scripts/step_14_apply_patch_bundle_v1.sh
?? scripts/step_14_pack_current_sources_v1.sh
?? scripts/step_14_pack_for_patch_v1.sh
?? scripts/step_14_retry_apply_patch_bundle_v2.sh
?? workspace/_bak_step14_2026-02-10_104335/
?? workspace/_bak_step18c3g_2026-02-11_111219/
?? zip/
2026-02-11 12:41:40 +0300 0af8424  (HEAD -> fix/step19c-zoom-userflow-stable-v1, tag: cp/foodproc_step19c_zoom_userflow_after_2026-02-11_124140) fix(step19c): stable zoom controls + userflow guards

rollback: git checkout "cp/foodproc_step19c_zoom_userflow_before_2026-02-11_124140"
hard refresh: Cmd+Shift+R
