== git state (before) ==
## fix/mermaid-py-syntax-v1
?? foodproc_step15_applyanswers.sh
?? fpc_step_14_patch_bundle.zip
?? scripts/fix_mermaid_py_quotes_v1.py
?? scripts/step18b2_patch_backend_start_role.py
?? scripts/step_14_apply_patch_bundle_v1.sh
?? scripts/step_14_pack_current_sources_v1.sh
?? scripts/step_14_pack_for_patch_v1.sh
?? scripts/step_14_retry_apply_patch_bundle_v2.sh
?? workspace/_bak_step14_2026-02-10_104335/
?? zip/
2026-02-10 23:31:50 +0300 e340b45  (HEAD -> fix/mermaid-py-syntax-v1, tag: cp/foodproc_step18b2_retry_v2_before_2026-02-11_000154, tag: cp/foodproc_step18b2_backend_start_role_before_2026-02-10_234604, tag: cp/foodproc_step18b1_fix_js_parse_after_2026-02-10_233150, tag: cp/foodproc_fix_mermaid_py_syntax_before_2026-02-11_001614, rollback/step18b2_2026-02-11_001042, fix/step18b1-js-parse-v1, feat/step18b2-backend-start-role-v1) fix(step18b1): repair JS parse error in mermaid placeholder

== write patcher ==

== run patcher ==
Traceback (most recent call last):
  File "/Users/mac/PycharmProjects/foodproc_process_copilot/scripts/step18b2_v3_patch_backend.py", line 169, in <module>
    main()
  File "/Users/mac/PycharmProjects/foodproc_process_copilot/scripts/step18b2_v3_patch_backend.py", line 161, in main
    ch2, m2 = patch_mermaid()
              ^^^^^^^^^^^^^^^
  File "/Users/mac/PycharmProjects/foodproc_process_copilot/scripts/step18b2_v3_patch_backend.py", line 99, in patch_mermaid
    title = f"{r} • START"
               ^
NameError: name 'r' is not defined. Did you mean: 're'?

== local py_compile ==

== git diff stat ==
 backend/app/models.py | 1 +
 1 file changed, 1 insertion(+)

== commit ==
[feat/step18b2-backend-start-role-v3 bfea16d] feat(step18b2): start_role + lanes-only mermaid on backend
 2 files changed, 170 insertions(+)
 create mode 100644 scripts/step18b2_v3_patch_backend.py

== pack changed files ==
packed: zip/foodproc_step18b2_v3_changed_files_2026-02-11_002049.zip

== docker compose up ==
#1 [internal] load local bake definitions
#1 reading from stdin 577B done
#1 DONE 0.0s

#2 [internal] load build definition from Dockerfile
#2 transferring dockerfile: 412B done
#2 DONE 0.0s

#3 [internal] load metadata for docker.io/library/python:3.11-slim
#3 ...

#4 [auth] library/python:pull token for registry-1.docker.io
#4 DONE 0.0s

#3 [internal] load metadata for docker.io/library/python:3.11-slim
#3 DONE 1.4s

#5 [internal] load .dockerignore
#5 transferring context: 2B done
#5 DONE 0.0s

#6 [1/6] FROM docker.io/library/python:3.11-slim@sha256:0b23cfb7425d065008b778022a17b1551c82f8b4866ee5a7a200084b7e2eafbf
#6 resolve docker.io/library/python:3.11-slim@sha256:0b23cfb7425d065008b778022a17b1551c82f8b4866ee5a7a200084b7e2eafbf 0.0s done
#6 DONE 0.0s

#7 [internal] load build context
#7 transferring context: 63.56kB done
#7 DONE 0.0s

#8 [2/6] WORKDIR /app
#8 CACHED

#9 [3/6] COPY backend/requirements.txt /app/backend/requirements.txt
#9 CACHED

#10 [4/6] RUN pip install --no-cache-dir -r /app/backend/requirements.txt
#10 CACHED

#11 [5/6] COPY backend /app/backend
#11 DONE 0.0s

#12 [6/6] RUN mkdir -p /app/workspace/processes /app/workspace/.session_store
#12 DONE 0.2s

#13 exporting to image
#13 exporting layers 0.1s done
#13 exporting manifest sha256:3f9708c6bb0e3985f66ffc898832f960177463ee687f8317dbbcbe8a7d5d664f done
#13 exporting config sha256:7fcab893cadcc13748af7fe62487f8c3b6abee069756626a0dc70f309f3a136e done
#13 exporting attestation manifest sha256:839b958b4b3bcff2940d522fd9cc8305501ebe3b08d55b71f69cd1b58865f6a0 0.0s done
#13 exporting manifest list sha256:c900f0519d4aab1fd8042efe9d0e0444a76beec1ce42c1a4341ef51a8b45d8ae
#13 exporting manifest list sha256:c900f0519d4aab1fd8042efe9d0e0444a76beec1ce42c1a4341ef51a8b45d8ae done
#13 naming to docker.io/library/foodproc_process_copilot-app:latest done
#13 unpacking to docker.io/library/foodproc_process_copilot-app:latest 0.0s done
#13 DONE 0.2s

#14 resolving provenance for metadata file
#14 DONE 0.0s
 foodproc_process_copilot-app  Built
 Container foodproc_process_copilot-app-1  Recreate
 Container foodproc_process_copilot-app-1  Recreated
 Container foodproc_process_copilot-app-1  Starting
 Container foodproc_process_copilot-app-1  Started

== probe ==
000

== done ==
## feat/step18b2-backend-start-role-v3
?? foodproc_step15_applyanswers.sh
?? fpc_step_14_patch_bundle.zip
?? scripts/fix_mermaid_py_quotes_v1.py
?? scripts/step18b2_patch_backend_start_role.py
?? scripts/step_14_apply_patch_bundle_v1.sh
?? scripts/step_14_pack_current_sources_v1.sh
?? scripts/step_14_pack_for_patch_v1.sh
?? scripts/step_14_retry_apply_patch_bundle_v2.sh
?? workspace/_bak_step14_2026-02-10_104335/
?? zip/
2026-02-11 00:20:50 +0300 bfea16d  (HEAD -> feat/step18b2-backend-start-role-v3, tag: cp/foodproc_step18b2_v3_after_2026-02-11_002049) feat(step18b2): start_role + lanes-only mermaid on backend
